TN:
SF:src\modules\candidates\services\CreateCandidatesService.ts
FN:12,CreateCandidateService
FN:17,Object.<anonymous>.CreateCandidateService.execute
FNF:2
FNH:2
FNDA:3,CreateCandidateService
FNDA:4,Object.<anonymous>.CreateCandidateService.execute
DA:1,1
DA:2,1
DA:3,1
DA:4,1
DA:5,1
DA:6,1
DA:7,1
DA:8,1
DA:9,1
DA:10,1
DA:11,2
DA:12,2
DA:13,3
DA:14,3
DA:15,3
DA:16,2
DA:17,2
DA:18,4
DA:19,4
DA:20,4
DA:21,4
DA:22,4
DA:23,4
DA:24,4
DA:25,4
DA:26,4
DA:27,4
DA:28,4
DA:29,1
DA:30,1
DA:31,3
DA:32,3
DA:33,3
DA:34,3
DA:35,3
DA:36,3
DA:37,3
DA:38,3
DA:39,4
DA:40,4
DA:41,4
DA:42,2
DA:43,1
DA:44,1
LF:44
LH:44
BRDA:11,0,0,2
BRDA:12,1,0,3
BRDA:17,2,0,4
BRDA:24,3,0,4
BRDA:28,4,0,1
BRDA:31,5,0,3
BRF:6
BRH:6
end_of_record
TN:
SF:src\modules\candidates\services\DeleteCandidatesService.ts
FN:9,DeleteCandidateService
FN:14,Object.<anonymous>.DeleteCandidateService.execute
FNF:2
FNH:2
FNDA:2,DeleteCandidateService
FNDA:2,Object.<anonymous>.DeleteCandidateService.execute
DA:1,1
DA:2,1
DA:3,1
DA:4,1
DA:5,1
DA:6,1
DA:7,1
DA:8,1
DA:9,1
DA:10,2
DA:11,2
DA:12,2
DA:13,1
DA:14,1
DA:15,2
DA:16,2
DA:17,2
DA:18,1
DA:19,1
DA:20,1
DA:21,1
DA:22,2
DA:23,1
DA:24,1
DA:25,1
LF:25
LH:25
BRDA:8,0,0,1
BRDA:9,1,0,2
BRDA:14,2,0,2
BRDA:15,3,0,2
BRDA:17,4,0,1
BRF:5
BRH:5
end_of_record
TN:
SF:src\modules\candidates\services\ListAllCandidatesService.ts
FN:9,ListAllCandidatesService
FN:14,Object.<anonymous>.ListAllCandidatesService.execute
FNF:2
FNH:2
FNDA:1,ListAllCandidatesService
FNDA:1,Object.<anonymous>.ListAllCandidatesService.execute
DA:1,1
DA:2,1
DA:3,1
DA:4,1
DA:5,1
DA:6,1
DA:7,1
DA:8,1
DA:9,1
DA:10,1
DA:11,1
DA:12,1
DA:13,1
DA:14,1
DA:15,1
DA:16,1
DA:17,1
DA:18,1
DA:19,1
DA:20,1
DA:21,1
LF:21
LH:21
BRDA:8,0,0,1
BRDA:9,1,0,1
BRDA:14,2,0,1
BRDA:15,3,0,1
BRF:4
BRH:4
end_of_record
TN:
SF:src\modules\candidates\services\ListCandidatesByTechnologyService.ts
FN:9,ListCandidatesByTechnologyService
FN:14,Object.<anonymous>.ListCandidatesByTechnologyService.execute
FNF:2
FNH:2
FNDA:1,ListCandidatesByTechnologyService
FNDA:1,Object.<anonymous>.ListCandidatesByTechnologyService.execute
DA:1,1
DA:2,1
DA:3,1
DA:4,1
DA:5,1
DA:6,1
DA:7,1
DA:8,1
DA:9,1
DA:10,1
DA:11,1
DA:12,1
DA:13,1
DA:14,1
DA:15,1
DA:16,1
DA:17,1
DA:18,1
DA:19,1
DA:20,1
DA:21,1
DA:22,1
DA:23,1
LF:23
LH:23
BRDA:8,0,0,1
BRDA:9,1,0,1
BRDA:14,2,0,1
BRDA:15,3,0,1
BRF:4
BRH:4
end_of_record
TN:
SF:src\modules\candidates\services\ReadCandidatesService.ts
FN:1,(empty-report)
FNF:1
FNH:0
FNDA:0,(empty-report)
DA:1,0
DA:2,0
DA:3,0
DA:4,0
DA:5,0
DA:6,0
DA:7,0
DA:8,0
DA:9,0
DA:10,0
DA:11,0
DA:12,0
DA:13,0
DA:14,0
DA:15,0
DA:16,0
DA:17,0
DA:18,0
DA:19,0
DA:20,0
DA:21,0
DA:22,0
DA:23,0
DA:24,0
DA:25,0
DA:26,0
LF:26
LH:0
BRDA:1,0,0,0
BRF:1
BRH:0
end_of_record
TN:
SF:src\modules\candidates\services\UpdateCandidatesService.ts
FN:16,CreateCandidateService
FN:21,Object.<anonymous>.CreateCandidateService.execute
FNF:2
FNH:2
FNDA:1,CreateCandidateService
FNDA:1,Object.<anonymous>.CreateCandidateService.execute
DA:1,1
DA:2,1
DA:3,1
DA:4,1
DA:5,1
DA:6,1
DA:7,1
DA:8,1
DA:9,1
DA:10,1
DA:11,1
DA:12,1
DA:13,1
DA:14,1
DA:15,1
DA:16,1
DA:17,1
DA:18,1
DA:19,1
DA:20,1
DA:21,1
DA:22,1
DA:23,1
DA:24,1
DA:25,1
DA:26,1
DA:27,1
DA:28,1
DA:29,1
DA:30,1
DA:31,1
DA:32,0
DA:33,0
DA:34,1
DA:35,1
DA:36,1
DA:37,1
DA:38,1
DA:39,1
DA:40,1
DA:41,1
DA:42,1
DA:43,1
DA:44,1
DA:45,1
DA:46,1
DA:47,1
LF:47
LH:45
BRDA:15,0,0,1
BRDA:16,1,0,1
BRDA:21,2,0,1
BRDA:29,3,0,1
BRDA:31,4,0,0
BRF:5
BRH:4
end_of_record
TN:
SF:src\modules\users\services\CreateSessionService.ts
FN:23,CreateSessionService
FN:31,Object.<anonymous>.CreateSessionService.execute
FNF:2
FNH:2
FNDA:3,CreateSessionService
FNDA:3,Object.<anonymous>.CreateSessionService.execute
DA:1,1
DA:2,1
DA:3,1
DA:4,1
DA:5,1
DA:6,1
DA:7,1
DA:8,1
DA:9,1
DA:10,1
DA:11,1
DA:12,1
DA:13,1
DA:14,1
DA:15,1
DA:16,1
DA:17,1
DA:18,1
DA:19,1
DA:20,1
DA:21,1
DA:22,1
DA:23,1
DA:24,3
DA:25,3
DA:26,3
DA:27,3
DA:28,3
DA:29,3
DA:30,1
DA:31,1
DA:32,3
DA:33,3
DA:34,3
DA:35,1
DA:36,1
DA:37,2
DA:38,2
DA:39,2
DA:40,2
DA:41,2
DA:42,3
DA:43,3
DA:44,1
DA:45,1
DA:46,1
DA:47,1
DA:48,1
DA:49,1
DA:50,1
DA:51,1
DA:52,1
DA:53,1
DA:54,1
DA:55,3
DA:56,1
DA:57,1
DA:58,1
LF:58
LH:58
BRDA:22,0,0,1
BRDA:23,1,0,3
BRDA:31,2,0,3
BRDA:32,3,0,3
BRDA:34,4,0,1
BRDA:37,5,0,2
BRDA:43,6,0,1
BRF:7
BRH:7
end_of_record
TN:
SF:src\modules\users\services\CreateUserService.ts
FN:18,CreateUserService
FN:26,Object.<anonymous>.CreateUserService.execute
FNF:2
FNH:2
FNDA:5,CreateUserService
FNDA:5,Object.<anonymous>.CreateUserService.execute
DA:1,1
DA:2,1
DA:3,1
DA:4,1
DA:5,1
DA:6,1
DA:7,1
DA:8,1
DA:9,1
DA:10,1
DA:11,1
DA:12,1
DA:13,1
DA:14,1
DA:15,1
DA:16,1
DA:17,2
DA:18,2
DA:19,5
DA:20,5
DA:21,5
DA:22,5
DA:23,5
DA:24,5
DA:25,2
DA:26,2
DA:27,5
DA:28,5
DA:29,5
DA:30,1
DA:31,1
DA:32,4
DA:33,4
DA:34,5
DA:35,5
DA:36,5
DA:37,5
DA:38,5
DA:39,5
DA:40,5
DA:41,5
DA:42,5
DA:43,2
DA:44,1
DA:45,1
LF:45
LH:45
BRDA:17,0,0,2
BRDA:18,1,0,5
BRDA:26,2,0,5
BRDA:27,3,0,5
BRDA:29,4,0,1
BRDA:32,5,0,4
BRF:6
BRH:6
end_of_record
